<?xml version="1.0" encoding="UTF-8"?>
<testng-results skipped="0" failed="0" ignored="0" total="1" passed="1">
  <reporter-output>
  </reporter-output>
  <suite name="Gradle suite" duration-ms="18316" started-at="2020-05-02T01:16:28 ALMT" finished-at="2020-05-02T01:16:46 ALMT">
    <groups>
    </groups>
    <test name="Gradle test" duration-ms="18316" started-at="2020-05-02T01:16:28 ALMT" finished-at="2020-05-02T01:16:46 ALMT">
      <class name="org.addressbook.tests.GroupModificationTests">
        <test-method status="PASS" signature="setUp()[pri:0, instance:org.addressbook.tests.GroupModificationTests@5b78e6e9]" name="setUp" is-config="true" duration-ms="9975" started-at="2020-05-02T01:16:28 ALMT" finished-at="2020-05-02T01:16:38 ALMT">
          <reporter-output>
          </reporter-output>
        </test-method> <!-- setUp -->
        <test-method status="PASS" signature="testGroupModification()[pri:0, instance:org.addressbook.tests.GroupModificationTests@5b78e6e9]" name="testGroupModification" duration-ms="2303" started-at="2020-05-02T01:16:38 ALMT" finished-at="2020-05-02T01:16:40 ALMT">
          <reporter-output>
          </reporter-output>
        </test-method> <!-- testGroupModification -->
        <test-method status="PASS" signature="tearDown()[pri:0, instance:org.addressbook.tests.GroupModificationTests@5b78e6e9]" name="tearDown" is-config="true" duration-ms="6003" started-at="2020-05-02T01:16:40 ALMT" finished-at="2020-05-02T01:16:46 ALMT">
          <reporter-output>
          </reporter-output>
        </test-method> <!-- tearDown -->
      </class> <!-- org.addressbook.tests.GroupModificationTests -->
    </test> <!-- Gradle test -->
  </suite> <!-- Gradle suite -->
</testng-results>
