<?xml version="1.0" encoding="UTF-8"?>
<testng-results skipped="0" failed="0" ignored="1" total="3" passed="2">
  <reporter-output>
  </reporter-output>
  <suite name="Gradle suite" duration-ms="51" started-at="2020-05-05T05:22:20 ALMT" finished-at="2020-05-05T05:22:20 ALMT">
    <groups>
    </groups>
    <test name="Gradle test" duration-ms="51" started-at="2020-05-05T05:22:20 ALMT" finished-at="2020-05-05T05:22:20 ALMT">
      <class name="org.baha.PrimeTests">
        <test-method status="PASS" signature="testNonPrime()[pri:0, instance:org.baha.PrimeTests@fa9b345]" name="testNonPrime" duration-ms="10" started-at="2020-05-05T05:22:20 ALMT" finished-at="2020-05-05T05:22:20 ALMT">
          <reporter-output>
          </reporter-output>
        </test-method> <!-- testNonPrime -->
        <test-method status="PASS" signature="testPrime()[pri:0, instance:org.baha.PrimeTests@fa9b345]" name="testPrime" duration-ms="0" started-at="2020-05-05T05:22:20 ALMT" finished-at="2020-05-05T05:22:20 ALMT">
          <reporter-output>
          </reporter-output>
        </test-method> <!-- testPrime -->
      </class> <!-- org.baha.PrimeTests -->
    </test> <!-- Gradle test -->
  </suite> <!-- Gradle suite -->
</testng-results>
